Unity Editor version:    2022.1.16f1 (7321c9670bc2)
Branch:                  2022.1/staging
Build type:              Release
Batch mode:              YES
macOS version:           Version 13.1 (Build 22C65)
Darwin version:          22.2.0
Architecture:            arm64
Running under Rosetta:   NO
Available memory:        65536 MB
Using pre-set license
Pro License: YES

COMMAND LINE ARGUMENTS:
/Applications/Unity/Hub/Editor/2022.1.16f1/Unity.app/Contents/MacOS/Unity
-adb2
-batchMode
-noUpm
-name
AssetImportWorker0
-projectPath
/Users/jableman/Documents/GitHub/CNote
-logFile
Logs/AssetImportWorker0.log
-srvPort
52784
Successfully changed project path to: /Users/jableman/Documents/GitHub/CNote
Could not lock editor preferences. Preferences updates for this instance of Unity will not be saved./Users/jableman/Documents/GitHub/CNote
[UnityMemory] Configuration Parameters - Can be set up in boot.config
    "memorysetup-bucket-allocator-granularity=16"
    "memorysetup-bucket-allocator-bucket-count=8"
    "memorysetup-bucket-allocator-block-size=33554432"
    "memorysetup-bucket-allocator-block-count=8"
    "memorysetup-main-allocator-block-size=16777216"
    "memorysetup-thread-allocator-block-size=16777216"
    "memorysetup-gfx-main-allocator-block-size=16777216"
    "memorysetup-gfx-thread-allocator-block-size=16777216"
    "memorysetup-cache-allocator-block-size=4194304"
    "memorysetup-typetree-allocator-block-size=2097152"
    "memorysetup-profiler-bucket-allocator-granularity=16"
    "memorysetup-profiler-bucket-allocator-bucket-count=8"
    "memorysetup-profiler-bucket-allocator-block-size=33554432"
    "memorysetup-profiler-bucket-allocator-block-count=8"
    "memorysetup-profiler-allocator-block-size=16777216"
    "memorysetup-profiler-editor-allocator-block-size=1048576"
    "memorysetup-temp-allocator-size-main=16777216"
    "memorysetup-job-temp-allocator-block-size=2097152"
    "memorysetup-job-temp-allocator-block-size-background=1048576"
    "memorysetup-job-temp-allocator-reduction-small-platforms=262144"
    "memorysetup-temp-allocator-size-background-worker=32768"
    "memorysetup-temp-allocator-size-job-worker=262144"
    "memorysetup-temp-allocator-size-preload-manager=33554432"
    "memorysetup-temp-allocator-size-nav-mesh-worker=65536"
    "memorysetup-temp-allocator-size-audio-worker=65536"
    "memorysetup-temp-allocator-size-cloud-worker=32768"
    "memorysetup-temp-allocator-size-gi-baking-worker=262144"
    "memorysetup-temp-allocator-size-gfx=262144"
Refreshing native plugins compatible for Editor in 89.95 ms, found 3 plugins.
Preloading 0 native plugins for Editor in 0.00 ms.
Initialize engine version: 2022.1.16f1 (7321c9670bc2)
[Subsystems] Discovering subsystems at path /Applications/Unity/Hub/Editor/2022.1.16f1/Unity.app/Contents/Resources/UnitySubsystems
[Subsystems] Discovering subsystems at path /Users/jableman/Documents/GitHub/CNote/Assets
GfxDevice: creating device client; threaded=0; jobified=0
 preferred device: Apple M1 Max (high power)
Metal devices available: 1
0: Apple M1 Max (high power)
Using device Apple M1 Max (high power)
Initializing Metal device caps: Apple M1 Max
Initialize mono
Mono path[0] = '/Applications/Unity/Hub/Editor/2022.1.16f1/Unity.app/Contents/Managed'
Mono path[1] = '/Applications/Unity/Hub/Editor/2022.1.16f1/Unity.app/Contents/MonoBleedingEdge/lib/mono/unityjit-macos'
Mono config path = '/Applications/Unity/Hub/Editor/2022.1.16f1/Unity.app/Contents/MonoBleedingEdge/etc'
Using monoOptions --debugger-agent=transport=dt_socket,embedding=1,server=y,suspend=n,address=127.0.0.1:56522
Begin MonoManager ReloadAssembly
Registering precompiled unity dll's ...
Register platform support module: /Applications/Unity/Hub/Editor/2022.1.16f1/Unity.app/Contents/PlaybackEngines/MacStandaloneSupport/UnityEditor.OSXStandalone.Extensions.dll
Register platform support module: /Applications/Unity/Hub/Editor/2022.1.16f1/PlaybackEngines/AndroidPlayer/UnityEditor.Android.Extensions.dll
Register platform support module: /Applications/Unity/Hub/Editor/2022.1.16f1/PlaybackEngines/iOSSupport/UnityEditor.iOS.Extensions.dll
Register platform support module: /Applications/Unity/Hub/Editor/2022.1.16f1/PlaybackEngines/WindowsStandaloneSupport/UnityEditor.WindowsStandalone.Extensions.dll
Register platform support module: /Applications/Unity/Hub/Editor/2022.1.16f1/PlaybackEngines/LinuxStandaloneSupport/UnityEditor.LinuxStandalone.Extensions.dll
Registered in 0.000897 seconds.
Native extension for LinuxStandalone target not found
Native extension for WindowsStandalone target not found
[usbmuxd] Start listen thread
[usbmuxd] Listen thread started
[usbmuxd] Send listen message
Native extension for iOS target not found
[usbmuxd] Attached: 1 00008030-000564492E13802E
Native extension for Android target not found
Native extension for OSXStandalone target not found
Refreshing native plugins compatible for Editor in 83.06 ms, found 3 plugins.
Preloading 0 native plugins for Editor in 0.00 ms.
Mono: successfully reloaded assembly
- Completed reload, in  0.468 seconds
Domain Reload Profiling:
	ReloadAssembly (469ms)
		BeginReloadAssembly (27ms)
			ExecutionOrderSort (0ms)
			DisableScriptedObjects (0ms)
			BackupInstance (0ms)
			ReleaseScriptingObjects (0ms)
			CreateAndSetChildDomain (0ms)
		EndReloadAssembly (374ms)
			LoadAssemblies (27ms)
			RebuildTransferFunctionScriptingTraits (0ms)
			SetupTypeCache (80ms)
				TypeCache.Initialize (80ms)
					TypeCache.ScanAssembly (79ms)
				ResolveRequiredComponents (0ms)
			ReleaseScriptCaches (0ms)
			RebuildScriptCaches (19ms)
			SetupLoadedEditorAssemblies (243ms)
				LogAssemblyErrors (0ms)
				InitializePlatformSupportModulesInManaged (80ms)
				SetLoadedEditorAssemblies (4ms)
				RefreshPlugins (83ms)
				BeforeProcessingInitializeOnLoad (1ms)
				ProcessInitializeOnLoadAttributes (54ms)
				ProcessInitializeOnLoadMethodAttributes (22ms)
				AfterProcessingInitializeOnLoad (0ms)
				EditorAssembliesLoaded (0ms)
			ExecutionOrderSort2 (0ms)
			AwakeInstancesAfterBackupRestoration (0ms)
Platform modules already initialized, skipping
Registering precompiled user dll's ...
Registered in 0.003213 seconds.
Begin MonoManager ReloadAssembly
Symbol file LoadedFromMemory doesn't match image /Users/jableman/Documents/GitHub/CNote/Library/PackageCache/com.unity.visualscripting@1.7.8/Editor/VisualScripting.Core/Dependencies/DotNetZip/Unity.VisualScripting.IonicZip.dll
Symbol file LoadedFromMemory doesn't match image /Users/jableman/Documents/GitHub/CNote/Library/PackageCache/com.unity.visualscripting@1.7.8/Editor/VisualScripting.Core/Dependencies/YamlDotNet/Unity.VisualScripting.YamlDotNet.dll
Native extension for LinuxStandalone target not found
Native extension for WindowsStandalone target not found
Native extension for iOS target not found
Native extension for Android target not found
Native extension for OSXStandalone target not found
Refreshing native plugins compatible for Editor in 82.38 ms, found 3 plugins.
Preloading 0 native plugins for Editor in 0.00 ms.
Package Manager log level set to [2]
[Package Manager] Server::EnsureServerProcessIsRunning -- launch failed, reason: Unity was launched with the -noUpm command-line argument
[Package Manager] UpmClient::Send -- Unable to send message (not connected to UPM process).
[Package Manager] Cannot connect to Unity Package Manager local server
Mono: successfully reloaded assembly
[Package Manager] Server::EnsureServerProcessIsRunning -- launch failed, reason: Unity was launched with the -noUpm command-line argument
[Package Manager] UpmClient::Send -- Unable to send message (not connected to UPM process).
[Package Manager] Cannot connect to Unity Package Manager local server
[Package Manager] Server::EnsureServerProcessIsRunning -- launch failed, reason: Unity was launched with the -noUpm command-line argument
[Package Manager] UpmClient::Send -- Unable to send message (not connected to UPM process).
[Package Manager] Cannot connect to Unity Package Manager local server
- Completed reload, in  0.900 seconds
Domain Reload Profiling:
	ReloadAssembly (900ms)
		BeginReloadAssembly (164ms)
			ExecutionOrderSort (0ms)
			DisableScriptedObjects (3ms)
			BackupInstance (0ms)
			ReleaseScriptingObjects (0ms)
			CreateAndSetChildDomain (120ms)
		EndReloadAssembly (668ms)
			LoadAssemblies (40ms)
			RebuildTransferFunctionScriptingTraits (0ms)
			SetupTypeCache (202ms)
				TypeCache.Initialize (198ms)
					TypeCache.ScanAssembly (196ms)
				ResolveRequiredComponents (4ms)
			ReleaseScriptCaches (5ms)
			RebuildScriptCaches (40ms)
			SetupLoadedEditorAssemblies (346ms)
				LogAssemblyErrors (0ms)
				InitializePlatformSupportModulesInManaged (15ms)
				SetLoadedEditorAssemblies (3ms)
				RefreshPlugins (82ms)
				BeforeProcessingInitializeOnLoad (72ms)
				ProcessInitializeOnLoadAttributes (157ms)
				ProcessInitializeOnLoadMethodAttributes (15ms)
				AfterProcessingInitializeOnLoad (1ms)
				EditorAssembliesLoaded (0ms)
			ExecutionOrderSort2 (0ms)
			AwakeInstancesAfterBackupRestoration (2ms)
Platform modules already initialized, skipping
========================================================================
Worker process is ready to serve import requests
Launching external process: /Applications/Unity/Hub/Editor/2022.1.16f1/Unity.app/Contents/Tools/UnityShaderCompiler
Launched and connected shader compiler UnityShaderCompiler after 0.05 seconds
Refreshing native plugins compatible for Editor in 0.55 ms, found 3 plugins.
Preloading 0 native plugins for Editor in 0.00 ms.
Unloading 4592 Unused Serialized files (Serialized files now loaded: 0)
Unloading 59 unused Assets / (58.8 KB). Loaded Objects now: 5028.
Memory consumption went from 0.69 GB to 0.69 GB.
Total: 2.814667 ms (FindLiveObjects: 0.153708 ms CreateObjectMapping: 0.056708 ms MarkObjects: 2.519083 ms  DeleteObjects: 0.084292 ms)

AssetImportParameters requested are different than current active one (requested -> active):
  custom:video-decoder-ogg-theora: a1e56fd34408186e4bbccfd4996cb3dc -> 
  custom:container-muxer-webm: aa71ff27fc2769a1b78a27578f13a17b -> 
  custom:container-demuxer-webm: 4f35f7cbe854078d1ac9338744f61a02 -> 
  custom:video-encoder-webm-vp8: eb34c28f22e8b96e1ab97ce403110664 -> 
  custom:framework-osx-AVFoundation: e770b220cccbd017edd2c1fefb359320 -> 
  custom:audio-encoder-webm-vorbis: bf7c407c2cedff20999df2af8eb42d56 -> 
  custom:container-demuxer-ogg: 62fdf1f143b41e24485cea50d1cbac27 -> 
  custom:video-decoder-webm-vp8: 9c59270c3fd7afecdb556c50c9e8de78 -> 
  custom:audio-decoder-ogg-vorbis: bf7c407c2cedff20999df2af8eb42d56 -> 
========================================================================
Received Import Request.
  Time since last request: 254747.710111 seconds.
  path: Assets/CompositionImages.asset
  artifactKey: Guid(4e8caefd429cd4ec4aa3f4cfe0fe5fde) Importer(815301076,1909f56bfc062723c751e8b465ee728b)
Start importing Assets/CompositionImages.asset using Guid(4e8caefd429cd4ec4aa3f4cfe0fe5fde) Importer(815301076,1909f56bfc062723c751e8b465ee728b)  -> (artifact id: 'a620574101c510b8e397ca9fa7095f99') in 0.054899 seconds 
========================================================================
Received Import Request.
  Time since last request: 7.512325 seconds.
  path: Assets/Scenes
  artifactKey: Guid(5fae64e520cfe344abbc6c1c27a51f4a) Importer(815301076,1909f56bfc062723c751e8b465ee728b)
Start importing Assets/Scenes using Guid(5fae64e520cfe344abbc6c1c27a51f4a) Importer(815301076,1909f56bfc062723c751e8b465ee728b)  -> (artifact id: '2b050938c07bca173fa65ba4fc3a91ef') in 0.001086 seconds 
========================================================================
Received Import Request.
  Time since last request: 2.711837 seconds.
  path: Assets/Scenes/CompositionScene.unity
  artifactKey: Guid(10fdc6e2ca3a547b5a69c0ab38b0fc22) Importer(815301076,1909f56bfc062723c751e8b465ee728b)
Start importing Assets/Scenes/CompositionScene.unity using Guid(10fdc6e2ca3a547b5a69c0ab38b0fc22) Importer(815301076,1909f56bfc062723c751e8b465ee728b)  -> (artifact id: '7b20d985914dbb4c1a8b69040dfb25f8') in 0.001323 seconds 
========================================================================
Received Import Request.
  Time since last request: 1.997050 seconds.
  path: Assets/Scenes/SynthScene.unity
  artifactKey: Guid(03a1313e27551406589c5af1d4d79049) Importer(815301076,1909f56bfc062723c751e8b465ee728b)
Start importing Assets/Scenes/SynthScene.unity using Guid(03a1313e27551406589c5af1d4d79049) Importer(815301076,1909f56bfc062723c751e8b465ee728b)  -> (artifact id: 'fd9b9ec4d31039f19e07070e15b358db') in 0.002305 seconds 
========================================================================
Received Import Request.
  Time since last request: 7.497462 seconds.
  path: Assets/Prefabs
  artifactKey: Guid(c0989f232696f463386128668da9b4a8) Importer(815301076,1909f56bfc062723c751e8b465ee728b)
Start importing Assets/Prefabs using Guid(c0989f232696f463386128668da9b4a8) Importer(815301076,1909f56bfc062723c751e8b465ee728b)  -> (artifact id: '1cd24686553da84be07618b95eade60d') in 0.001825 seconds 
========================================================================
Received Import Request.
  Time since last request: 3.926330 seconds.
  path: Assets/Prefabs/Puzzle_Whole.prefab
  artifactKey: Guid(45368f399ded34594a115edf3529d8db) Importer(815301076,1909f56bfc062723c751e8b465ee728b)
Start importing Assets/Prefabs/Puzzle_Whole.prefab using Guid(45368f399ded34594a115edf3529d8db) Importer(815301076,1909f56bfc062723c751e8b465ee728b)  -> (artifact id: '9a87ca04331ea38e787b959ac6e4ffea') in 0.114091 seconds 
========================================================================
Received Prepare
Registering precompiled user dll's ...
Registered in 0.003608 seconds.
Begin MonoManager ReloadAssembly
Thread 0x2d158b000 may have been prematurely finalized
Symbol file LoadedFromMemory doesn't match image /Users/jableman/Documents/GitHub/CNote/Library/PackageCache/com.unity.visualscripting@1.7.8/Editor/VisualScripting.Core/Dependencies/DotNetZip/Unity.VisualScripting.IonicZip.dll
Symbol file LoadedFromMemory doesn't match image /Users/jableman/Documents/GitHub/CNote/Library/PackageCache/com.unity.visualscripting@1.7.8/Editor/VisualScripting.Core/Dependencies/YamlDotNet/Unity.VisualScripting.YamlDotNet.dll
Native extension for LinuxStandalone target not found
Native extension for WindowsStandalone target not found
Native extension for iOS target not found
Native extension for Android target not found
Native extension for OSXStandalone target not found
Refreshing native plugins compatible for Editor in 0.58 ms, found 3 plugins.
Preloading 0 native plugins for Editor in 0.00 ms.
[Package Manager] Server::EnsureServerProcessIsRunning -- launch failed, reason: Unity was launched with the -noUpm command-line argument
[Package Manager] UpmClient::Send -- Unable to send message (not connected to UPM process).
[Package Manager] Cannot connect to Unity Package Manager local server
Mono: successfully reloaded assembly
[Package Manager] Server::EnsureServerProcessIsRunning -- launch failed, reason: Unity was launched with the -noUpm command-line argument
[Package Manager] UpmClient::Send -- Unable to send message (not connected to UPM process).
[Package Manager] Cannot connect to Unity Package Manager local server
- Completed reload, in  0.624 seconds
Domain Reload Profiling:
	ReloadAssembly (624ms)
		BeginReloadAssembly (77ms)
			ExecutionOrderSort (0ms)
			DisableScriptedObjects (2ms)
			BackupInstance (0ms)
			ReleaseScriptingObjects (0ms)
			CreateAndSetChildDomain (33ms)
		EndReloadAssembly (491ms)
			LoadAssemblies (36ms)
			RebuildTransferFunctionScriptingTraits (0ms)
			SetupTypeCache (187ms)
				TypeCache.Initialize (184ms)
					TypeCache.ScanAssembly (181ms)
				ResolveRequiredComponents (3ms)
			ReleaseScriptCaches (1ms)
			RebuildScriptCaches (26ms)
			SetupLoadedEditorAssemblies (209ms)
				LogAssemblyErrors (0ms)
				InitializePlatformSupportModulesInManaged (18ms)
				SetLoadedEditorAssemblies (3ms)
				RefreshPlugins (1ms)
				BeforeProcessingInitializeOnLoad (42ms)
				ProcessInitializeOnLoadAttributes (130ms)
				ProcessInitializeOnLoadMethodAttributes (14ms)
				AfterProcessingInitializeOnLoad (1ms)
				EditorAssembliesLoaded (0ms)
			ExecutionOrderSort2 (0ms)
			AwakeInstancesAfterBackupRestoration (2ms)
Platform modules already initialized, skipping
Refreshing native plugins compatible for Editor in 2.45 ms, found 3 plugins.
Preloading 0 native plugins for Editor in 0.00 ms.
Unloading 4556 Unused Serialized files (Serialized files now loaded: 0)
Unloading 48 unused Assets / (35.8 KB). Loaded Objects now: 5043.
Memory consumption went from 0.84 GB to 0.84 GB.
Total: 2.501583 ms (FindLiveObjects: 0.162792 ms CreateObjectMapping: 0.059959 ms MarkObjects: 2.235833 ms  DeleteObjects: 0.042166 ms)

AssetImportParameters requested are different than current active one (requested -> active):
  custom:video-decoder-ogg-theora: a1e56fd34408186e4bbccfd4996cb3dc -> 
  custom:container-muxer-webm: aa71ff27fc2769a1b78a27578f13a17b -> 
  custom:container-demuxer-webm: 4f35f7cbe854078d1ac9338744f61a02 -> 
  custom:video-encoder-webm-vp8: eb34c28f22e8b96e1ab97ce403110664 -> 
  custom:framework-osx-AVFoundation: e770b220cccbd017edd2c1fefb359320 -> 
  custom:audio-encoder-webm-vorbis: bf7c407c2cedff20999df2af8eb42d56 -> 
  custom:container-demuxer-ogg: 62fdf1f143b41e24485cea50d1cbac27 -> 
  custom:video-decoder-webm-vp8: 9c59270c3fd7afecdb556c50c9e8de78 -> 
  custom:audio-decoder-ogg-vorbis: bf7c407c2cedff20999df2af8eb42d56 -> 
========================================================================
Received Import Request.
  Time since last request: 145.686434 seconds.
  path: Assets/imgs/1.jpg
  artifactKey: Guid(881295359eab44c6aa0559207d11b4cb) Importer(815301076,1909f56bfc062723c751e8b465ee728b)
Start importing Assets/imgs/1.jpg using Guid(881295359eab44c6aa0559207d11b4cb) Importer(815301076,1909f56bfc062723c751e8b465ee728b)  -> (artifact id: '5e53438ea575a6bb58aeb92bdb2912ef') in 0.630127 seconds 
========================================================================
Received Import Request.
  Time since last request: 0.000045 seconds.
  path: Assets/imgs/Effect_Distortion.png
  artifactKey: Guid(55ba39fc7f290434096702a50dc97fa9) Importer(815301076,1909f56bfc062723c751e8b465ee728b)
Start importing Assets/imgs/Effect_Distortion.png using Guid(55ba39fc7f290434096702a50dc97fa9) Importer(815301076,1909f56bfc062723c751e8b465ee728b)  -> (artifact id: '48ff49c386c223f93a7e74a6ab695c7e') in 0.534301 seconds 
========================================================================
Received Import Request.
  Time since last request: 0.000049 seconds.
  path: Assets/imgs/Screenshot 2023-03-27 at 4.50.38 PM.png
  artifactKey: Guid(d4b2fe115a4014d76b0b20e2dc775a40) Importer(815301076,1909f56bfc062723c751e8b465ee728b)
Start importing Assets/imgs/Screenshot 2023-03-27 at 4.50.38 PM.png using Guid(d4b2fe115a4014d76b0b20e2dc775a40) Importer(815301076,1909f56bfc062723c751e8b465ee728b)  -> (artifact id: '44591c6dd5433fe663cc2b288185946d') in 0.005126 seconds 
========================================================================
Received Import Request.
  Time since last request: 0.000043 seconds.
  path: Assets/imgs/bPO.png
  artifactKey: Guid(97a9d9844f45f45b19ea07b02d724a25) Importer(815301076,1909f56bfc062723c751e8b465ee728b)
Start importing Assets/imgs/bPO.png using Guid(97a9d9844f45f45b19ea07b02d724a25) Importer(815301076,1909f56bfc062723c751e8b465ee728b)  -> (artifact id: 'd93f3095c8b9acba4b68d3c20295892f') in 0.004789 seconds 
========================================================================
Received Import Request.
  Time since last request: 0.000043 seconds.
  path: Assets/imgs/Base_Saw.png
  artifactKey: Guid(5590e6d821fd8428fb9033641de50e12) Importer(815301076,1909f56bfc062723c751e8b465ee728b)
Start importing Assets/imgs/Base_Saw.png using Guid(5590e6d821fd8428fb9033641de50e12) Importer(815301076,1909f56bfc062723c751e8b465ee728b)  -> (artifact id: 'dbb72b5ccea838122a1601ec72d2ad5d') in 0.004780 seconds 
========================================================================
Received Import Request.
  Time since last request: 0.000044 seconds.
  path: Assets/imgs/Staff.png
  artifactKey: Guid(354726bc9e31e49778f1b9bfc805dc42) Importer(815301076,1909f56bfc062723c751e8b465ee728b)
Start importing Assets/imgs/Staff.png using Guid(354726bc9e31e49778f1b9bfc805dc42) Importer(815301076,1909f56bfc062723c751e8b465ee728b)  -> (artifact id: 'e07509bdbc9ddd7956f1ff46bd3aa990') in 0.005450 seconds 
========================================================================
Received Import Request.
  Time since last request: 0.000072 seconds.
  path: Assets/imgs/NoteB.png
  artifactKey: Guid(152ed37a547324859a18cff418b8a1c8) Importer(815301076,1909f56bfc062723c751e8b465ee728b)
Start importing Assets/imgs/NoteB.png using Guid(152ed37a547324859a18cff418b8a1c8) Importer(815301076,1909f56bfc062723c751e8b465ee728b)  -> (artifact id: '2cef7f6391280c9a44e66bbcbc075110') in 0.004373 seconds 
========================================================================
Received Import Request.
  Time since last request: 0.000062 seconds.
  path: Assets/imgs/Base_Sine_Old.png
  artifactKey: Guid(1ee3aa579d70d4979995a6ba1ef939f2) Importer(815301076,1909f56bfc062723c751e8b465ee728b)
Start importing Assets/imgs/Base_Sine_Old.png using Guid(1ee3aa579d70d4979995a6ba1ef939f2) Importer(815301076,1909f56bfc062723c751e8b465ee728b)  -> (artifact id: '7f6ea56f48141bc4b2b1e6d64a291029') in 0.004393 seconds 
========================================================================
Received Prepare
Registering precompiled user dll's ...
Registered in 0.002995 seconds.
Begin MonoManager ReloadAssembly
Thread 0x16f0c7000 may have been prematurely finalized
Symbol file LoadedFromMemory doesn't match image /Users/jableman/Documents/GitHub/CNote/Library/PackageCache/com.unity.visualscripting@1.7.8/Editor/VisualScripting.Core/Dependencies/DotNetZip/Unity.VisualScripting.IonicZip.dll
Symbol file LoadedFromMemory doesn't match image /Users/jableman/Documents/GitHub/CNote/Library/PackageCache/com.unity.visualscripting@1.7.8/Editor/VisualScripting.Core/Dependencies/YamlDotNet/Unity.VisualScripting.YamlDotNet.dll
Native extension for LinuxStandalone target not found
Native extension for WindowsStandalone target not found
Native extension for iOS target not found
Native extension for Android target not found
Native extension for OSXStandalone target not found
Refreshing native plugins compatible for Editor in 0.59 ms, found 3 plugins.
Preloading 0 native plugins for Editor in 0.00 ms.
[Package Manager] Server::EnsureServerProcessIsRunning -- launch failed, reason: Unity was launched with the -noUpm command-line argument
[Package Manager] UpmClient::Send -- Unable to send message (not connected to UPM process).
[Package Manager] Cannot connect to Unity Package Manager local server
Mono: successfully reloaded assembly
[Package Manager] Server::EnsureServerProcessIsRunning -- launch failed, reason: Unity was launched with the -noUpm command-line argument
[Package Manager] UpmClient::Send -- Unable to send message (not connected to UPM process).
[Package Manager] Cannot connect to Unity Package Manager local server
- Completed reload, in  0.630 seconds
Domain Reload Profiling:
	ReloadAssembly (630ms)
		BeginReloadAssembly (83ms)
			ExecutionOrderSort (0ms)
			DisableScriptedObjects (2ms)
			BackupInstance (0ms)
			ReleaseScriptingObjects (0ms)
			CreateAndSetChildDomain (35ms)
		EndReloadAssembly (493ms)
			LoadAssemblies (42ms)
			RebuildTransferFunctionScriptingTraits (0ms)
			SetupTypeCache (183ms)
				TypeCache.Initialize (180ms)
					TypeCache.ScanAssembly (177ms)
				ResolveRequiredComponents (4ms)
			ReleaseScriptCaches (1ms)
			RebuildScriptCaches (26ms)
			SetupLoadedEditorAssemblies (213ms)
				LogAssemblyErrors (0ms)
				InitializePlatformSupportModulesInManaged (18ms)
				SetLoadedEditorAssemblies (3ms)
				RefreshPlugins (1ms)
				BeforeProcessingInitializeOnLoad (43ms)
				ProcessInitializeOnLoadAttributes (133ms)
				ProcessInitializeOnLoadMethodAttributes (14ms)
				AfterProcessingInitializeOnLoad (1ms)
				EditorAssembliesLoaded (0ms)
			ExecutionOrderSort2 (0ms)
			AwakeInstancesAfterBackupRestoration (2ms)
Platform modules already initialized, skipping
Refreshing native plugins compatible for Editor in 2.33 ms, found 3 plugins.
Preloading 0 native plugins for Editor in 0.00 ms.
Unloading 4556 Unused Serialized files (Serialized files now loaded: 0)
Unloading 48 unused Assets / (35.9 KB). Loaded Objects now: 5050.
Memory consumption went from 1.00 GB to 1.00 GB.
Total: 2.593125 ms (FindLiveObjects: 0.164417 ms CreateObjectMapping: 0.061292 ms MarkObjects: 2.309958 ms  DeleteObjects: 0.056583 ms)

AssetImportParameters requested are different than current active one (requested -> active):
  custom:video-decoder-ogg-theora: a1e56fd34408186e4bbccfd4996cb3dc -> 
  custom:container-muxer-webm: aa71ff27fc2769a1b78a27578f13a17b -> 
  custom:container-demuxer-webm: 4f35f7cbe854078d1ac9338744f61a02 -> 
  custom:video-encoder-webm-vp8: eb34c28f22e8b96e1ab97ce403110664 -> 
  custom:framework-osx-AVFoundation: e770b220cccbd017edd2c1fefb359320 -> 
  custom:audio-encoder-webm-vorbis: bf7c407c2cedff20999df2af8eb42d56 -> 
  custom:container-demuxer-ogg: 62fdf1f143b41e24485cea50d1cbac27 -> 
  custom:video-decoder-webm-vp8: 9c59270c3fd7afecdb556c50c9e8de78 -> 
  custom:audio-decoder-ogg-vorbis: bf7c407c2cedff20999df2af8eb42d56 -> 
[usbmuxd] Detached: 1 00008030-000564492E13802E
========================================================================
Received Prepare
Registering precompiled user dll's ...
Registered in 0.004371 seconds.
Begin MonoManager ReloadAssembly
Thread 0x16e283000 may have been prematurely finalized
Symbol file LoadedFromMemory doesn't match image /Users/jableman/Documents/GitHub/CNote/Library/PackageCache/com.unity.visualscripting@1.7.8/Editor/VisualScripting.Core/Dependencies/DotNetZip/Unity.VisualScripting.IonicZip.dll
Symbol file LoadedFromMemory doesn't match image /Users/jableman/Documents/GitHub/CNote/Library/PackageCache/com.unity.visualscripting@1.7.8/Editor/VisualScripting.Core/Dependencies/YamlDotNet/Unity.VisualScripting.YamlDotNet.dll
Native extension for LinuxStandalone target not found
Native extension for WindowsStandalone target not found
Native extension for iOS target not found
Native extension for Android target not found
Native extension for OSXStandalone target not found
Refreshing native plugins compatible for Editor in 0.53 ms, found 3 plugins.
Preloading 0 native plugins for Editor in 0.00 ms.
[Package Manager] Server::EnsureServerProcessIsRunning -- launch failed, reason: Unity was launched with the -noUpm command-line argument
[Package Manager] UpmClient::Send -- Unable to send message (not connected to UPM process).
[Package Manager] Cannot connect to Unity Package Manager local server
Mono: successfully reloaded assembly
[Package Manager] Server::EnsureServerProcessIsRunning -- launch failed, reason: Unity was launched with the -noUpm command-line argument
[Package Manager] UpmClient::Send -- Unable to send message (not connected to UPM process).
[Package Manager] Cannot connect to Unity Package Manager local server
- Completed reload, in  0.659 seconds
Domain Reload Profiling:
	ReloadAssembly (659ms)
		BeginReloadAssembly (81ms)
			ExecutionOrderSort (0ms)
			DisableScriptedObjects (2ms)
			BackupInstance (0ms)
			ReleaseScriptingObjects (0ms)
			CreateAndSetChildDomain (33ms)
		EndReloadAssembly (519ms)
			LoadAssemblies (42ms)
			RebuildTransferFunctionScriptingTraits (0ms)
			SetupTypeCache (189ms)
				TypeCache.Initialize (185ms)
					TypeCache.ScanAssembly (182ms)
				ResolveRequiredComponents (4ms)
			ReleaseScriptCaches (1ms)
			RebuildScriptCaches (25ms)
			SetupLoadedEditorAssemblies (235ms)
				LogAssemblyErrors (0ms)
				InitializePlatformSupportModulesInManaged (51ms)
				SetLoadedEditorAssemblies (3ms)
				RefreshPlugins (1ms)
				BeforeProcessingInitializeOnLoad (41ms)
				ProcessInitializeOnLoadAttributes (124ms)
				ProcessInitializeOnLoadMethodAttributes (14ms)
				AfterProcessingInitializeOnLoad (1ms)
				EditorAssembliesLoaded (0ms)
			ExecutionOrderSort2 (0ms)
			AwakeInstancesAfterBackupRestoration (2ms)
Platform modules already initialized, skipping
Refreshing native plugins compatible for Editor in 2.58 ms, found 3 plugins.
Preloading 0 native plugins for Editor in 0.00 ms.
Unloading 4556 Unused Serialized files (Serialized files now loaded: 0)
Unloading 48 unused Assets / (35.8 KB). Loaded Objects now: 5054.
Memory consumption went from 1.00 GB to 1.00 GB.
Total: 2.358333 ms (FindLiveObjects: 0.146792 ms CreateObjectMapping: 0.055500 ms MarkObjects: 2.117292 ms  DeleteObjects: 0.038125 ms)

AssetImportParameters requested are different than current active one (requested -> active):
  custom:video-decoder-ogg-theora: a1e56fd34408186e4bbccfd4996cb3dc -> 
  custom:container-muxer-webm: aa71ff27fc2769a1b78a27578f13a17b -> 
  custom:container-demuxer-webm: 4f35f7cbe854078d1ac9338744f61a02 -> 
  custom:video-encoder-webm-vp8: eb34c28f22e8b96e1ab97ce403110664 -> 
  custom:framework-osx-AVFoundation: e770b220cccbd017edd2c1fefb359320 -> 
  custom:audio-encoder-webm-vorbis: bf7c407c2cedff20999df2af8eb42d56 -> 
  custom:container-demuxer-ogg: 62fdf1f143b41e24485cea50d1cbac27 -> 
  custom:video-decoder-webm-vp8: 9c59270c3fd7afecdb556c50c9e8de78 -> 
  custom:audio-decoder-ogg-vorbis: bf7c407c2cedff20999df2af8eb42d56 -> 
========================================================================
Received Prepare
Refreshing native plugins compatible for Editor in 5.66 ms, found 3 plugins.
Preloading 0 native plugins for Editor in 0.00 ms.
Unloading 48 Unused Serialized files (Serialized files now loaded: 0)
Unloading 48 unused Assets / (35.4 KB). Loaded Objects now: 5054.
Memory consumption went from 417.7 MB to 417.6 MB.
Total: 2.303625 ms (FindLiveObjects: 0.144375 ms CreateObjectMapping: 0.058625 ms MarkObjects: 2.067000 ms  DeleteObjects: 0.033041 ms)

AssetImportParameters requested are different than current active one (requested -> active):
  custom:video-decoder-ogg-theora: a1e56fd34408186e4bbccfd4996cb3dc -> 
  custom:container-muxer-webm: aa71ff27fc2769a1b78a27578f13a17b -> 
  custom:container-demuxer-webm: 4f35f7cbe854078d1ac9338744f61a02 -> 
  custom:video-encoder-webm-vp8: eb34c28f22e8b96e1ab97ce403110664 -> 
  custom:framework-osx-AVFoundation: e770b220cccbd017edd2c1fefb359320 -> 
  custom:audio-encoder-webm-vorbis: bf7c407c2cedff20999df2af8eb42d56 -> 
  custom:container-demuxer-ogg: 62fdf1f143b41e24485cea50d1cbac27 -> 
  custom:video-decoder-webm-vp8: 9c59270c3fd7afecdb556c50c9e8de78 -> 
  custom:audio-decoder-ogg-vorbis: bf7c407c2cedff20999df2af8eb42d56 -> 
========================================================================
Received Prepare
Refreshing native plugins compatible for Editor in 3.57 ms, found 3 plugins.
Preloading 0 native plugins for Editor in 0.00 ms.
Unloading 48 Unused Serialized files (Serialized files now loaded: 0)
Unloading 48 unused Assets / (35.4 KB). Loaded Objects now: 5054.
Memory consumption went from 417.5 MB to 417.4 MB.
Total: 2.230459 ms (FindLiveObjects: 0.117792 ms CreateObjectMapping: 0.057208 ms MarkObjects: 2.023958 ms  DeleteObjects: 0.031000 ms)

AssetImportParameters requested are different than current active one (requested -> active):
  custom:video-decoder-ogg-theora: a1e56fd34408186e4bbccfd4996cb3dc -> 
  custom:container-muxer-webm: aa71ff27fc2769a1b78a27578f13a17b -> 
  custom:container-demuxer-webm: 4f35f7cbe854078d1ac9338744f61a02 -> 
  custom:video-encoder-webm-vp8: eb34c28f22e8b96e1ab97ce403110664 -> 
  custom:framework-osx-AVFoundation: e770b220cccbd017edd2c1fefb359320 -> 
  custom:audio-encoder-webm-vorbis: bf7c407c2cedff20999df2af8eb42d56 -> 
  custom:container-demuxer-ogg: 62fdf1f143b41e24485cea50d1cbac27 -> 
  custom:video-decoder-webm-vp8: 9c59270c3fd7afecdb556c50c9e8de78 -> 
  custom:audio-decoder-ogg-vorbis: bf7c407c2cedff20999df2af8eb42d56 -> 
========================================================================
Received Prepare
Registering precompiled user dll's ...
Registered in 0.003062 seconds.
Begin MonoManager ReloadAssembly
Thread 0x16e30f000 may have been prematurely finalized
Symbol file LoadedFromMemory doesn't match image /Users/jableman/Documents/GitHub/CNote/Library/PackageCache/com.unity.visualscripting@1.7.8/Editor/VisualScripting.Core/Dependencies/DotNetZip/Unity.VisualScripting.IonicZip.dll
Symbol file LoadedFromMemory doesn't match image /Users/jableman/Documents/GitHub/CNote/Library/PackageCache/com.unity.visualscripting@1.7.8/Editor/VisualScripting.Core/Dependencies/YamlDotNet/Unity.VisualScripting.YamlDotNet.dll
Native extension for LinuxStandalone target not found
Native extension for WindowsStandalone target not found
Native extension for iOS target not found
Native extension for Android target not found
Native extension for OSXStandalone target not found
Refreshing native plugins compatible for Editor in 0.63 ms, found 3 plugins.
Preloading 0 native plugins for Editor in 0.00 ms.
[Package Manager] Server::EnsureServerProcessIsRunning -- launch failed, reason: Unity was launched with the -noUpm command-line argument
[Package Manager] UpmClient::Send -- Unable to send message (not connected to UPM process).
[Package Manager] Cannot connect to Unity Package Manager local server
[Package Manager] Server::EnsureServerProcessIsRunning -- launch failed, reason: Unity was launched with the -noUpm command-line argument
[Package Manager] UpmClient::Send -- Unable to send message (not connected to UPM process).
[Package Manager] Cannot connect to Unity Package Manager local server
Mono: successfully reloaded assembly
[Package Manager] Server::EnsureServerProcessIsRunning -- launch failed, reason: Unity was launched with the -noUpm command-line argument
[Package Manager] UpmClient::Send -- Unable to send message (not connected to UPM process).
[Package Manager] Cannot connect to Unity Package Manager local server
[Package Manager] Server::EnsureServerProcessIsRunning -- launch failed, reason: Unity was launched with the -noUpm command-line argument
[Package Manager] UpmClient::Send -- Unable to send message (not connected to UPM process).
[Package Manager] Cannot connect to Unity Package Manager local server
- Completed reload, in  0.691 seconds
Domain Reload Profiling:
	ReloadAssembly (691ms)
		BeginReloadAssembly (80ms)
			ExecutionOrderSort (0ms)
			DisableScriptedObjects (2ms)
			BackupInstance (0ms)
			ReleaseScriptingObjects (0ms)
			CreateAndSetChildDomain (33ms)
		EndReloadAssembly (553ms)
			LoadAssemblies (44ms)
			RebuildTransferFunctionScriptingTraits (0ms)
			SetupTypeCache (193ms)
				TypeCache.Initialize (189ms)
					TypeCache.ScanAssembly (186ms)
				ResolveRequiredComponents (4ms)
			ReleaseScriptCaches (1ms)
			RebuildScriptCaches (28ms)
			SetupLoadedEditorAssemblies (257ms)
				LogAssemblyErrors (0ms)
				InitializePlatformSupportModulesInManaged (54ms)
				SetLoadedEditorAssemblies (4ms)
				RefreshPlugins (1ms)
				BeforeProcessingInitializeOnLoad (46ms)
				ProcessInitializeOnLoadAttributes (138ms)
				ProcessInitializeOnLoadMethodAttributes (14ms)
				AfterProcessingInitializeOnLoad (1ms)
				EditorAssembliesLoaded (0ms)
			ExecutionOrderSort2 (0ms)
			AwakeInstancesAfterBackupRestoration (2ms)
Platform modules already initialized, skipping
Refreshing native plugins compatible for Editor in 1.94 ms, found 3 plugins.
Preloading 0 native plugins for Editor in 0.00 ms.
Unloading 4558 Unused Serialized files (Serialized files now loaded: 0)
Unloading 48 unused Assets / (35.4 KB). Loaded Objects now: 5058.
Memory consumption went from 1.01 GB to 1.01 GB.
Total: 2.494375 ms (FindLiveObjects: 0.133167 ms CreateObjectMapping: 0.055833 ms MarkObjects: 2.260500 ms  DeleteObjects: 0.044000 ms)

AssetImportParameters requested are different than current active one (requested -> active):
  custom:video-decoder-ogg-theora: a1e56fd34408186e4bbccfd4996cb3dc -> 
  custom:container-muxer-webm: aa71ff27fc2769a1b78a27578f13a17b -> 
  custom:container-demuxer-webm: 4f35f7cbe854078d1ac9338744f61a02 -> 
  custom:video-encoder-webm-vp8: eb34c28f22e8b96e1ab97ce403110664 -> 
  custom:framework-osx-AVFoundation: e770b220cccbd017edd2c1fefb359320 -> 
  custom:audio-encoder-webm-vorbis: bf7c407c2cedff20999df2af8eb42d56 -> 
  custom:container-demuxer-ogg: 62fdf1f143b41e24485cea50d1cbac27 -> 
  custom:video-decoder-webm-vp8: 9c59270c3fd7afecdb556c50c9e8de78 -> 
  custom:audio-decoder-ogg-vorbis: bf7c407c2cedff20999df2af8eb42d56 -> 
========================================================================
Received Prepare
Refreshing native plugins compatible for Editor in 3.65 ms, found 3 plugins.
Preloading 0 native plugins for Editor in 0.00 ms.
Unloading 48 Unused Serialized files (Serialized files now loaded: 0)
Unloading 48 unused Assets / (35.5 KB). Loaded Objects now: 5058.
Memory consumption went from 422.1 MB to 422.0 MB.
Total: 2.468125 ms (FindLiveObjects: 0.115000 ms CreateObjectMapping: 0.057542 ms MarkObjects: 2.265583 ms  DeleteObjects: 0.029583 ms)

AssetImportParameters requested are different than current active one (requested -> active):
  custom:video-decoder-ogg-theora: a1e56fd34408186e4bbccfd4996cb3dc -> 
  custom:container-muxer-webm: aa71ff27fc2769a1b78a27578f13a17b -> 
  custom:container-demuxer-webm: 4f35f7cbe854078d1ac9338744f61a02 -> 
  custom:video-encoder-webm-vp8: eb34c28f22e8b96e1ab97ce403110664 -> 
  custom:framework-osx-AVFoundation: e770b220cccbd017edd2c1fefb359320 -> 
  custom:audio-encoder-webm-vorbis: bf7c407c2cedff20999df2af8eb42d56 -> 
  custom:container-demuxer-ogg: 62fdf1f143b41e24485cea50d1cbac27 -> 
  custom:video-decoder-webm-vp8: 9c59270c3fd7afecdb556c50c9e8de78 -> 
  custom:audio-decoder-ogg-vorbis: bf7c407c2cedff20999df2af8eb42d56 -> 
========================================================================
Received Import Request.
  Time since last request: 1768.180529 seconds.
  path: Assets/imgs/2.jpg
  artifactKey: Guid(2b66e089ab22e4b2e8342e49549bf62a) Importer(815301076,1909f56bfc062723c751e8b465ee728b)
Start importing Assets/imgs/2.jpg using Guid(2b66e089ab22e4b2e8342e49549bf62a) Importer(815301076,1909f56bfc062723c751e8b465ee728b)  -> (artifact id: '66b9c9f5f0072d76335a8743b069d6d4') in 0.026335 seconds 
========================================================================
Received Import Request.
  Time since last request: 0.000045 seconds.
  path: Assets/imgs/Effect_Distortion.png
  artifactKey: Guid(55ba39fc7f290434096702a50dc97fa9) Importer(815301076,1909f56bfc062723c751e8b465ee728b)
Start importing Assets/imgs/Effect_Distortion.png using Guid(55ba39fc7f290434096702a50dc97fa9) Importer(815301076,1909f56bfc062723c751e8b465ee728b)  -> (artifact id: 'aa38c9cf95af931e7bfc4b4f006a4387') in 0.006187 seconds 
========================================================================
Received Import Request.
  Time since last request: 0.000037 seconds.
  path: Assets/imgs/Base_Sine_2.png
  artifactKey: Guid(ae4765819ac8f4b5ea6f612f6063181e) Importer(815301076,1909f56bfc062723c751e8b465ee728b)
Start importing Assets/imgs/Base_Sine_2.png using Guid(ae4765819ac8f4b5ea6f612f6063181e) Importer(815301076,1909f56bfc062723c751e8b465ee728b)  -> (artifact id: '37287357f35a58b7a40591fd000961fa') in 0.005066 seconds 
========================================================================
Received Import Request.
  Time since last request: 0.000043 seconds.
  path: Assets/imgs/Screenshot 2023-03-27 at 4.50.38 PM.png
  artifactKey: Guid(d4b2fe115a4014d76b0b20e2dc775a40) Importer(815301076,1909f56bfc062723c751e8b465ee728b)
Start importing Assets/imgs/Screenshot 2023-03-27 at 4.50.38 PM.png using Guid(d4b2fe115a4014d76b0b20e2dc775a40) Importer(815301076,1909f56bfc062723c751e8b465ee728b)  -> (artifact id: '420e6163dce904102b6afeca33b3114d') in 0.005121 seconds 
========================================================================
Received Import Request.
  Time since last request: 0.000041 seconds.
  path: Assets/imgs/NoteA.png
  artifactKey: Guid(634c4c0efea0c4a4f9c95897a931da31) Importer(815301076,1909f56bfc062723c751e8b465ee728b)
Start importing Assets/imgs/NoteA.png using Guid(634c4c0efea0c4a4f9c95897a931da31) Importer(815301076,1909f56bfc062723c751e8b465ee728b)  -> (artifact id: 'f3d0c03114f60caaffbb4eb7d1a08d55') in 0.005193 seconds 
========================================================================
Received Import Request.
  Time since last request: 0.000036 seconds.
  path: Assets/imgs/Screenshot 2023-03-27 at 4.50.30 PM.png
  artifactKey: Guid(ac024e0083568467580fd979778bc1e8) Importer(815301076,1909f56bfc062723c751e8b465ee728b)
Start importing Assets/imgs/Screenshot 2023-03-27 at 4.50.30 PM.png using Guid(ac024e0083568467580fd979778bc1e8) Importer(815301076,1909f56bfc062723c751e8b465ee728b)  -> (artifact id: 'c4af78877b71bfbf6229be41c61505dc') in 0.004987 seconds 
========================================================================
Received Import Request.
  Time since last request: 0.000046 seconds.
  path: Assets/imgs/bPO.png
  artifactKey: Guid(97a9d9844f45f45b19ea07b02d724a25) Importer(815301076,1909f56bfc062723c751e8b465ee728b)
Start importing Assets/imgs/bPO.png using Guid(97a9d9844f45f45b19ea07b02d724a25) Importer(815301076,1909f56bfc062723c751e8b465ee728b)  -> (artifact id: 'a4b23da263eccca41adf85c5333cbec2') in 0.005461 seconds 
========================================================================
Received Import Request.
  Time since last request: 0.000050 seconds.
  path: Assets/imgs/Base_Saw.png
  artifactKey: Guid(5590e6d821fd8428fb9033641de50e12) Importer(815301076,1909f56bfc062723c751e8b465ee728b)
Start importing Assets/imgs/Base_Saw.png using Guid(5590e6d821fd8428fb9033641de50e12) Importer(815301076,1909f56bfc062723c751e8b465ee728b)  -> (artifact id: 'f4df18153fbe126532df71bccf6575bc') in 0.005662 seconds 
========================================================================
Received Import Request.
  Time since last request: 0.000058 seconds.
  path: Assets/imgs/Base_Sine.png
  artifactKey: Guid(9020bf762458f46af9e3ddf9841ac20f) Importer(815301076,1909f56bfc062723c751e8b465ee728b)
Start importing Assets/imgs/Base_Sine.png using Guid(9020bf762458f46af9e3ddf9841ac20f) Importer(815301076,1909f56bfc062723c751e8b465ee728b)  -> (artifact id: '97794db94c8ee63a24b77f84c2cb54cc') in 0.005588 seconds 
========================================================================
Received Import Request.
  Time since last request: 0.000053 seconds.
  path: Assets/imgs/Effect_Distortion_Old.png
  artifactKey: Guid(c418e3d1a15564e6fbec029009e31bb6) Importer(815301076,1909f56bfc062723c751e8b465ee728b)
Start importing Assets/imgs/Effect_Distortion_Old.png using Guid(c418e3d1a15564e6fbec029009e31bb6) Importer(815301076,1909f56bfc062723c751e8b465ee728b)  -> (artifact id: '114b9d36681c26e1716efa81d049354e') in 0.005236 seconds 
========================================================================
Received Import Request.
  Time since last request: 0.000037 seconds.
  path: Assets/imgs/NoteB.png
  artifactKey: Guid(152ed37a547324859a18cff418b8a1c8) Importer(815301076,1909f56bfc062723c751e8b465ee728b)
Start importing Assets/imgs/NoteB.png using Guid(152ed37a547324859a18cff418b8a1c8) Importer(815301076,1909f56bfc062723c751e8b465ee728b)  -> (artifact id: 'b5e437aa933a17f93bc32558efcef1ad') in 0.005402 seconds 
========================================================================
Received Import Request.
  Time since last request: 0.000046 seconds.
  path: Assets/imgs/Screenshot 2023-03-27 at 4.50.45 PM.png
  artifactKey: Guid(da5ced3d39ceb411ebf9feae309a5c83) Importer(815301076,1909f56bfc062723c751e8b465ee728b)
Start importing Assets/imgs/Screenshot 2023-03-27 at 4.50.45 PM.png using Guid(da5ced3d39ceb411ebf9feae309a5c83) Importer(815301076,1909f56bfc062723c751e8b465ee728b)  -> (artifact id: '6120ba8be03c70d69d01fdc60e0d12f4') in 0.005515 seconds 
========================================================================
Received Import Request.
  Time since last request: 0.000039 seconds.
  path: Assets/imgs/Base_Sine_Old.png
  artifactKey: Guid(1ee3aa579d70d4979995a6ba1ef939f2) Importer(815301076,1909f56bfc062723c751e8b465ee728b)
Start importing Assets/imgs/Base_Sine_Old.png using Guid(1ee3aa579d70d4979995a6ba1ef939f2) Importer(815301076,1909f56bfc062723c751e8b465ee728b)  -> (artifact id: '272e0a6d29271101c6671d9c937283f5') in 0.005765 seconds 
Editor requested this worker to shutdown with reason: Scaling down because of idle timeout
AssetImportWorker is now disconnected from the server
Process exiting
